2021-09-10 00:32:38,220  INFO [main] TestBase:24 - Properties object created
2021-09-10 00:32:38,241  INFO [main] TestBase:29 - Propertied file loaded into property objec
2021-09-10 00:32:43,107  INFO [main] TestBase:49 - Chromer Driver Initiated
2021-09-10 00:32:48,678  INFO [main] TestBase:24 - Properties object created
2021-09-10 00:32:48,680  INFO [main] TestBase:29 - Propertied file loaded into property objec
2021-09-10 00:32:52,450  INFO [main] TestBase:49 - Chromer Driver Initiated
2021-09-10 00:32:57,839  INFO [main] TestBase:24 - Properties object created
2021-09-10 00:32:57,840  INFO [main] TestBase:29 - Propertied file loaded into property objec
2021-09-10 00:33:01,621  INFO [main] TestBase:49 - Chromer Driver Initiated
2021-09-10 00:33:07,069  INFO [main] TestBase:24 - Properties object created
2021-09-10 00:33:07,071  INFO [main] TestBase:29 - Propertied file loaded into property objec
2021-09-10 00:33:09,128  INFO [main] TestBase:49 - Chromer Driver Initiated
2021-09-10 00:33:14,546  INFO [main] TestBase:24 - Properties object created
2021-09-10 00:33:14,547  INFO [main] TestBase:29 - Propertied file loaded into property objec
2021-09-10 00:33:19,868  INFO [main] TestBase:24 - Properties object created
2021-09-10 00:33:19,868  INFO [main] TestBase:29 - Propertied file loaded into property objec
2021-09-10 00:34:38,306  INFO [main] TestBase:24 - Properties object created
2021-09-10 00:34:38,316  INFO [main] TestBase:29 - Propertied file loaded into property objec
2021-09-10 00:34:40,693  INFO [main] TestBase:49 - Chrome Driver Initiated
2021-09-10 00:34:46,322  INFO [main] TestBase:24 - Properties object created
2021-09-10 00:34:46,323  INFO [main] TestBase:29 - Propertied file loaded into property objec
2021-09-10 00:34:49,845  INFO [main] TestBase:49 - Chrome Driver Initiated
2021-09-10 00:34:55,313  INFO [main] TestBase:24 - Properties object created
2021-09-10 00:34:55,315  INFO [main] TestBase:29 - Propertied file loaded into property objec
2021-09-10 00:34:58,989  INFO [main] TestBase:49 - Chrome Driver Initiated
2021-09-10 00:35:03,729  INFO [main] TestBase:24 - Properties object created
2021-09-10 00:35:03,730  INFO [main] TestBase:29 - Propertied file loaded into property objec
2021-09-10 00:35:05,661  INFO [main] TestBase:49 - Chrome Driver Initiated
2021-09-10 00:35:10,494  INFO [main] TestBase:24 - Properties object created
2021-09-10 00:35:10,495  INFO [main] TestBase:29 - Propertied file loaded into property objec
2021-09-10 00:35:14,525  INFO [main] TestBase:24 - Properties object created
2021-09-10 00:35:14,525  INFO [main] TestBase:29 - Propertied file loaded into property objec
2021-09-10 00:42:08,556  INFO [main] TestBase:24 - Properties object created
2021-09-10 00:42:08,566  INFO [main] TestBase:29 - Propertied file loaded into property objec
2021-09-10 00:42:08,566  INFO [main] LoginPageTest:22 - Fetching Base Driver Constructor --super() can be used to call parent class' constructors only.
2021-09-10 00:42:10,768  INFO [main] TestBase:49 - Chrome Driver Initiated
2021-09-10 00:42:16,302  INFO [main] LoginPageTest:30 - calling chrome driver
2021-09-10 00:42:16,303  INFO [main] TestBase:24 - Properties object created
2021-09-10 00:42:16,304  INFO [main] TestBase:29 - Propertied file loaded into property objec
2021-09-10 00:42:19,230  INFO [main] TestBase:49 - Chrome Driver Initiated
2021-09-10 00:42:24,756  INFO [main] LoginPageTest:30 - calling chrome driver
2021-09-10 00:42:24,757  INFO [main] TestBase:24 - Properties object created
2021-09-10 00:42:24,758  INFO [main] TestBase:29 - Propertied file loaded into property objec
2021-09-10 00:42:27,662  INFO [main] TestBase:49 - Chrome Driver Initiated
2021-09-10 00:42:33,208  INFO [main] LoginPageTest:30 - calling chrome driver
2021-09-10 00:42:33,209  INFO [main] TestBase:24 - Properties object created
2021-09-10 00:42:33,210  INFO [main] TestBase:29 - Propertied file loaded into property objec
2021-09-10 00:42:33,220  INFO [main] LoginPageTest:37 - Verifying Ligin Page Title
2021-09-10 00:42:33,220 ERROR [main] LoginPageTest:38 - Error in page title reading
2021-09-10 00:42:33,221 DEBUG [main] LoginPageTest:39 - Page title
2021-09-10 00:42:35,071  INFO [main] TestBase:49 - Chrome Driver Initiated
2021-09-10 00:42:40,616  INFO [main] LoginPageTest:30 - calling chrome driver
2021-09-10 00:42:40,617  INFO [main] TestBase:24 - Properties object created
2021-09-10 00:42:40,618  INFO [main] TestBase:29 - Propertied file loaded into property objec
2021-09-10 00:42:45,773  INFO [main] TestBase:24 - Properties object created
2021-09-10 00:42:45,774  INFO [main] TestBase:29 - Propertied file loaded into property objec
2021-09-10 00:43:45,630  INFO [main] TestBase:24 - Properties object created
2021-09-10 00:43:45,634  INFO [main] TestBase:29 - Propertied file loaded into property objec
2021-09-10 00:43:45,634  INFO [main] LoginPageTest:22 - Fetching Base Driver Constructor --super() can be used to call parent class' constructors only.
2021-09-10 00:43:47,925  INFO [main] TestBase:49 - Chrome Driver Initiated
2021-09-10 00:43:53,292  INFO [main] LoginPageTest:30 - calling chrome driver
2021-09-10 00:43:53,293  INFO [main] TestBase:24 - Properties object created
2021-09-10 00:43:53,295  INFO [main] TestBase:29 - Propertied file loaded into property objec
2021-09-10 00:43:55,307  INFO [main] TestBase:49 - Chrome Driver Initiated
2021-09-10 00:44:01,116  INFO [main] LoginPageTest:30 - calling chrome driver
2021-09-10 00:44:01,117  INFO [main] TestBase:24 - Properties object created
2021-09-10 00:44:01,118  INFO [main] TestBase:29 - Propertied file loaded into property objec
2021-09-10 00:44:04,018  INFO [main] TestBase:49 - Chrome Driver Initiated
2021-09-10 00:44:09,335  INFO [main] LoginPageTest:30 - calling chrome driver
2021-09-10 00:44:09,336  INFO [main] TestBase:24 - Properties object created
2021-09-10 00:44:09,337  INFO [main] TestBase:29 - Propertied file loaded into property objec
2021-09-10 00:44:11,201  INFO [main] TestBase:49 - Chrome Driver Initiated
2021-09-10 00:44:16,628  INFO [main] LoginPageTest:30 - calling chrome driver
2021-09-10 00:44:16,629  INFO [main] TestBase:24 - Properties object created
2021-09-10 00:44:16,630  INFO [main] TestBase:29 - Propertied file loaded into property objec
2021-09-10 00:44:22,387  INFO [main] TestBase:24 - Properties object created
2021-09-10 00:44:22,388  INFO [main] TestBase:29 - Propertied file loaded into property objec
2021-09-10 01:12:59,633  INFO [main] TestBase:24 - Properties object created
2021-09-10 01:12:59,638  INFO [main] TestBase:29 - Propertied file loaded into property objec
2021-09-10 01:12:59,639  INFO [main] LoginPageTest:22 - Fetching Base Driver Constructor --super() can be used to call parent class' constructors only.
2021-09-10 01:12:59,732  INFO [main] TestBase:24 - Properties object created
2021-09-10 01:12:59,734  INFO [main] TestBase:29 - Propertied file loaded into property objec
2021-09-10 01:12:59,743  INFO [main] TestBase:24 - Properties object created
2021-09-10 01:12:59,745  INFO [main] TestBase:29 - Propertied file loaded into property objec
2021-09-10 01:13:02,176  INFO [main] TestBase:49 - Chrome Driver Initiated
2021-09-10 01:13:08,010  INFO [main] LoginPageTest:30 - calling chrome driver
2021-09-10 01:13:08,015  INFO [main] TestBase:24 - Properties object created
2021-09-10 01:13:08,019  INFO [main] TestBase:29 - Propertied file loaded into property objec
2021-09-10 01:13:11,097  INFO [main] TestBase:49 - Chrome Driver Initiated
2021-09-10 01:13:16,863  INFO [main] LoginPageTest:30 - calling chrome driver
2021-09-10 01:13:16,864  INFO [main] TestBase:24 - Properties object created
2021-09-10 01:13:16,865  INFO [main] TestBase:29 - Propertied file loaded into property objec
2021-09-10 01:13:19,664  INFO [main] TestBase:49 - Chrome Driver Initiated
2021-09-10 01:13:24,885  INFO [main] LoginPageTest:30 - calling chrome driver
2021-09-10 01:13:24,886  INFO [main] TestBase:24 - Properties object created
2021-09-10 01:13:24,887  INFO [main] TestBase:29 - Propertied file loaded into property objec
2021-09-10 01:13:26,770  INFO [main] TestBase:49 - Chrome Driver Initiated
2021-09-10 01:13:31,274  INFO [main] LoginPageTest:30 - calling chrome driver
2021-09-10 01:13:31,275  INFO [main] TestBase:24 - Properties object created
2021-09-10 01:13:31,275  INFO [main] TestBase:29 - Propertied file loaded into property objec
2021-09-10 01:13:36,010  INFO [main] TestBase:24 - Properties object created
2021-09-10 01:13:36,010  INFO [main] TestBase:29 - Propertied file loaded into property objec
2021-09-10 01:13:37,806  INFO [main] TestBase:49 - Chrome Driver Initiated
2021-09-10 01:13:43,129  INFO [main] TestBase:24 - Properties object created
2021-09-10 01:13:43,130  INFO [main] TestBase:29 - Propertied file loaded into property objec
2021-09-10 01:13:47,726  INFO [main] TestBase:24 - Properties object created
2021-09-10 01:13:47,727  INFO [main] TestBase:29 - Propertied file loaded into property objec
2021-09-10 01:13:51,726  INFO [main] TestBase:49 - Chrome Driver Initiated
2021-09-10 01:13:57,528  INFO [main] TestBase:24 - Properties object created
2021-09-10 01:13:57,529  INFO [main] TestBase:29 - Propertied file loaded into property objec
2021-09-10 01:14:02,673  INFO [main] TestBase:24 - Properties object created
2021-09-10 01:14:02,673  INFO [main] TestBase:29 - Propertied file loaded into property objec
2021-09-10 01:14:05,025  INFO [main] TestBase:24 - Properties object created
2021-09-10 01:14:05,026  INFO [main] TestBase:29 - Propertied file loaded into property objec
2021-09-10 01:14:06,989  INFO [main] TestBase:49 - Chrome Driver Initiated
2021-09-10 01:14:12,443  INFO [main] TestBase:24 - Properties object created
2021-09-10 01:14:12,444  INFO [main] TestBase:29 - Propertied file loaded into property objec
2021-09-10 01:14:18,084  INFO [main] TestBase:24 - Properties object created
2021-09-10 01:14:18,085  INFO [main] TestBase:29 - Propertied file loaded into property objec
2021-09-10 01:14:20,436  INFO [main] TestBase:24 - Properties object created
2021-09-10 01:14:20,438  INFO [main] TestBase:29 - Propertied file loaded into property objec
2021-09-10 01:14:22,398  INFO [main] TestBase:49 - Chrome Driver Initiated
2021-09-10 01:14:27,778  INFO [main] TestBase:24 - Properties object created
2021-09-10 01:14:27,778  INFO [main] TestBase:29 - Propertied file loaded into property objec
2021-09-10 01:14:33,304  INFO [main] TestBase:24 - Properties object created
2021-09-10 01:14:33,305  INFO [main] TestBase:29 - Propertied file loaded into property objec
2021-09-10 01:14:35,804  INFO [main] TestBase:24 - Properties object created
2021-09-10 01:14:35,805  INFO [main] TestBase:29 - Propertied file loaded into property objec
2021-09-10 01:14:38,744  INFO [main] TestBase:49 - Chrome Driver Initiated
2021-09-10 01:14:44,147  INFO [main] TestBase:24 - Properties object created
2021-09-10 01:14:44,147  INFO [main] TestBase:29 - Propertied file loaded into property objec
2021-09-10 01:14:48,493  INFO [main] TestBase:24 - Properties object created
2021-09-10 01:14:48,494  INFO [main] TestBase:29 - Propertied file loaded into property objec
2021-09-10 01:14:50,602  INFO [main] TestBase:24 - Properties object created
2021-09-10 01:14:50,602  INFO [main] TestBase:29 - Propertied file loaded into property objec
2021-09-10 01:14:52,408  INFO [main] TestBase:49 - Chrome Driver Initiated
2021-09-10 01:14:57,744  INFO [main] TestBase:24 - Properties object created
2021-09-10 01:14:57,744  INFO [main] TestBase:29 - Propertied file loaded into property objec
2021-09-10 01:15:02,007  INFO [main] TestBase:24 - Properties object created
2021-09-10 01:15:02,008  INFO [main] TestBase:29 - Propertied file loaded into property objec
2021-09-10 01:15:04,394  INFO [main] TestBase:24 - Properties object created
2021-09-10 01:15:04,395  INFO [main] TestBase:29 - Propertied file loaded into property objec
2021-09-10 01:15:06,357  INFO [main] TestBase:49 - Chrome Driver Initiated
2021-09-10 01:15:11,705  INFO [main] TestBase:24 - Properties object created
2021-09-10 01:15:11,707  INFO [main] TestBase:29 - Propertied file loaded into property objec
2021-09-10 01:15:11,708  INFO [main] TestBase:24 - Properties object created
2021-09-10 01:15:11,709  INFO [main] TestBase:29 - Propertied file loaded into property objec
2021-09-10 01:15:16,848  INFO [main] TestBase:24 - Properties object created
2021-09-10 01:15:16,848  INFO [main] TestBase:29 - Propertied file loaded into property objec
2021-09-10 01:15:18,549  INFO [main] TestBase:24 - Properties object created
2021-09-10 01:15:18,550  INFO [main] TestBase:29 - Propertied file loaded into property objec
2021-09-10 01:15:19,592 DEBUG [main] cache:45 - Couldn't find template in cache for "Extent.ftl"("en_IN", UTF-8, parsed); will try to load it.
2021-09-10 01:15:19,594 DEBUG [main] cache:45 - TemplateLoader.findTemplateSource("Extent_en_IN.ftl"): Not found
2021-09-10 01:15:19,597 DEBUG [main] cache:45 - TemplateLoader.findTemplateSource("Extent_en.ftl"): Not found
2021-09-10 01:15:19,599 DEBUG [main] cache:45 - TemplateLoader.findTemplateSource("Extent.ftl"): Found
2021-09-10 01:15:19,600 DEBUG [main] cache:45 - Loading template for "Extent.ftl"("en_IN", UTF-8, parsed) from "jar:file:/C:/Users/ukirp/.m2/repository/com/relevantcodes/extentreports/2.41.2/extentreports-2.41.2.jar!/com/relevantcodes/extentreports/view/Extent.ftl"
2021-09-10 01:15:19,959 DEBUG [main] cache:45 - Couldn't find template in cache for "Extent.ftl"("en_IN", UTF-8, parsed); will try to load it.
2021-09-10 01:15:19,959 DEBUG [main] cache:45 - TemplateLoader.findTemplateSource("Extent_en_IN.ftl"): Not found
2021-09-10 01:15:19,960 DEBUG [main] cache:45 - TemplateLoader.findTemplateSource("Extent_en.ftl"): Not found
2021-09-10 01:15:19,962 DEBUG [main] cache:45 - TemplateLoader.findTemplateSource("Extent.ftl"): Found
2021-09-10 01:15:19,963 DEBUG [main] cache:45 - Loading template for "Extent.ftl"("en_IN", UTF-8, parsed) from "jar:file:/C:/Users/ukirp/.m2/repository/com/relevantcodes/extentreports/2.41.2/extentreports-2.41.2.jar!/com/relevantcodes/extentreports/view/Extent.ftl"
2021-09-10 16:11:16,739  INFO [main] TestBase:24 - Properties object created
2021-09-10 16:11:16,749  INFO [main] TestBase:29 - Propertied file loaded into property objec
2021-09-10 16:11:20,133  INFO [main] TestBase:49 - Chrome Driver Initiated
2021-09-10 16:11:26,066  INFO [main] TestBase:24 - Properties object created
2021-09-10 16:11:26,068  INFO [main] TestBase:29 - Propertied file loaded into property objec
2021-09-10 16:11:34,689  INFO [main] TestBase:24 - Properties object created
2021-09-10 16:11:34,690  INFO [main] TestBase:29 - Propertied file loaded into property objec
2021-09-10 16:11:34,695  INFO [main] TestBase:24 - Properties object created
2021-09-10 16:11:34,696  INFO [main] TestBase:29 - Propertied file loaded into property objec
2021-09-10 16:11:38,678  INFO [main] TestBase:49 - Chrome Driver Initiated
2021-09-10 16:11:43,945  INFO [main] TestBase:24 - Properties object created
2021-09-10 16:11:43,946  INFO [main] TestBase:29 - Propertied file loaded into property objec
2021-09-10 16:11:52,489  INFO [main] TestBase:24 - Properties object created
2021-09-10 16:11:52,490  INFO [main] TestBase:29 - Propertied file loaded into property objec
2021-09-10 16:11:52,492  INFO [main] TestBase:24 - Properties object created
2021-09-10 16:11:52,493  INFO [main] TestBase:29 - Propertied file loaded into property objec
2021-09-10 16:18:39,271  INFO [main] TestBase:24 - Properties object created
2021-09-10 16:18:39,274  INFO [main] TestBase:29 - Propertied file loaded into property objec
2021-09-10 16:18:41,254  INFO [main] TestBase:49 - Chrome Driver Initiated
2021-09-10 16:18:46,852  INFO [main] TestBase:24 - Properties object created
2021-09-10 16:18:46,853  INFO [main] TestBase:29 - Propertied file loaded into property objec
2021-09-10 16:18:55,309  INFO [main] TestBase:24 - Properties object created
2021-09-10 16:18:55,310  INFO [main] TestBase:29 - Propertied file loaded into property objec
2021-09-10 16:18:57,631  INFO [main] TestBase:24 - Properties object created
2021-09-10 16:18:57,632  INFO [main] TestBase:29 - Propertied file loaded into property objec
2021-09-10 16:18:57,640  INFO [main] TestBase:24 - Properties object created
2021-09-10 16:18:57,642  INFO [main] TestBase:29 - Propertied file loaded into property objec
2021-09-10 16:19:25,177  INFO [main] TestBase:24 - Properties object created
2021-09-10 16:19:25,186  INFO [main] TestBase:29 - Propertied file loaded into property objec
2021-09-10 16:19:27,143  INFO [main] TestBase:49 - Chrome Driver Initiated
2021-09-10 16:19:32,802  INFO [main] TestBase:24 - Properties object created
2021-09-10 16:19:32,803  INFO [main] TestBase:29 - Propertied file loaded into property objec
2021-09-10 16:19:38,746  INFO [main] TestBase:24 - Properties object created
2021-09-10 16:19:38,747  INFO [main] TestBase:29 - Propertied file loaded into property objec
2021-09-10 16:19:41,183  INFO [main] TestBase:24 - Properties object created
2021-09-10 16:19:41,184  INFO [main] TestBase:29 - Propertied file loaded into property objec
2021-09-10 16:19:41,194  INFO [main] TestBase:24 - Properties object created
2021-09-10 16:19:41,195  INFO [main] TestBase:29 - Propertied file loaded into property objec
2021-09-10 16:24:32,875  INFO [main] TestBase:24 - Properties object created
2021-09-10 16:24:32,879  INFO [main] TestBase:29 - Propertied file loaded into property objec
2021-09-10 16:24:34,919  INFO [main] TestBase:49 - Chrome Driver Initiated
2021-09-10 16:24:40,386  INFO [main] TestBase:24 - Properties object created
2021-09-10 16:24:40,387  INFO [main] TestBase:29 - Propertied file loaded into property objec
2021-09-10 16:24:47,610  INFO [main] TestBase:24 - Properties object created
2021-09-10 16:24:47,611  INFO [main] TestBase:29 - Propertied file loaded into property objec
2021-09-10 16:24:49,998  INFO [main] TestBase:24 - Properties object created
2021-09-10 16:24:50,001  INFO [main] TestBase:29 - Propertied file loaded into property objec
2021-09-10 16:24:50,007  INFO [main] TestBase:24 - Properties object created
2021-09-10 16:24:50,008  INFO [main] TestBase:29 - Propertied file loaded into property objec
2021-09-10 16:29:22,125  INFO [main] TestBase:24 - Properties object created
2021-09-10 16:29:22,135  INFO [main] TestBase:29 - Propertied file loaded into property objec
2021-09-10 16:29:24,110  INFO [main] TestBase:49 - Chrome Driver Initiated
2021-09-10 16:29:29,474  INFO [main] TestBase:24 - Properties object created
2021-09-10 16:29:29,475  INFO [main] TestBase:29 - Propertied file loaded into property objec
2021-09-10 16:29:38,087  INFO [main] TestBase:24 - Properties object created
2021-09-10 16:29:38,088  INFO [main] TestBase:29 - Propertied file loaded into property objec
2021-09-10 16:29:41,145  INFO [main] TestBase:24 - Properties object created
2021-09-10 16:29:41,147  INFO [main] TestBase:29 - Propertied file loaded into property objec
2021-09-10 16:29:41,161  INFO [main] TestBase:24 - Properties object created
2021-09-10 16:29:41,163  INFO [main] TestBase:29 - Propertied file loaded into property objec
2021-09-10 16:34:01,859  INFO [main] TestBase:24 - Properties object created
2021-09-10 16:34:01,862  INFO [main] TestBase:29 - Propertied file loaded into property objec
2021-09-10 16:34:03,893  INFO [main] TestBase:49 - Chrome Driver Initiated
2021-09-10 16:34:09,631  INFO [main] TestBase:24 - Properties object created
2021-09-10 16:34:09,632  INFO [main] TestBase:29 - Propertied file loaded into property objec
2021-09-10 16:34:15,929  INFO [main] TestBase:24 - Properties object created
2021-09-10 16:34:15,930  INFO [main] TestBase:29 - Propertied file loaded into property objec
2021-09-10 16:34:19,049  INFO [main] TestBase:24 - Properties object created
2021-09-10 16:34:19,050  INFO [main] TestBase:29 - Propertied file loaded into property objec
2021-09-10 16:34:19,058  INFO [main] TestBase:24 - Properties object created
2021-09-10 16:34:19,060  INFO [main] TestBase:29 - Propertied file loaded into property objec
2021-09-10 16:40:55,520  INFO [main] TestBase:24 - Properties object created
2021-09-10 16:40:55,523  INFO [main] TestBase:29 - Propertied file loaded into property objec
2021-09-10 16:40:57,454  INFO [main] TestBase:49 - Chrome Driver Initiated
2021-09-10 16:41:03,036  INFO [main] TestBase:24 - Properties object created
2021-09-10 16:41:03,038  INFO [main] TestBase:29 - Propertied file loaded into property objec
2021-09-10 16:41:08,253  INFO [main] TestBase:24 - Properties object created
2021-09-10 16:41:08,254  INFO [main] TestBase:29 - Propertied file loaded into property objec
2021-09-10 16:41:11,766  INFO [main] TestBase:24 - Properties object created
2021-09-10 16:41:11,768  INFO [main] TestBase:29 - Propertied file loaded into property objec
2021-09-10 16:41:11,777  INFO [main] TestBase:24 - Properties object created
2021-09-10 16:41:11,778  INFO [main] TestBase:29 - Propertied file loaded into property objec
2021-09-10 16:42:19,265  INFO [main] TestBase:24 - Properties object created
2021-09-10 16:42:19,274  INFO [main] TestBase:29 - Propertied file loaded into property objec
2021-09-10 16:42:21,395  INFO [main] TestBase:49 - Chrome Driver Initiated
2021-09-10 16:42:26,922  INFO [main] TestBase:24 - Properties object created
2021-09-10 16:42:26,923  INFO [main] TestBase:29 - Propertied file loaded into property objec
2021-09-10 16:42:31,686  INFO [main] TestBase:24 - Properties object created
2021-09-10 16:42:31,687  INFO [main] TestBase:29 - Propertied file loaded into property objec
2021-09-10 16:42:34,089  INFO [main] TestBase:24 - Properties object created
2021-09-10 16:42:34,091  INFO [main] TestBase:29 - Propertied file loaded into property objec
2021-09-10 16:42:34,103  INFO [main] TestBase:24 - Properties object created
2021-09-10 16:42:34,105  INFO [main] TestBase:29 - Propertied file loaded into property objec
2021-09-10 17:44:42,992  INFO [main] TestBase:24 - Properties object created
2021-09-10 17:44:43,004  INFO [main] TestBase:29 - Propertied file loaded into property objec
2021-09-10 17:44:45,204  INFO [main] TestBase:49 - Chrome Driver Initiated
2021-09-10 17:44:50,736  INFO [main] TestBase:24 - Properties object created
2021-09-10 17:44:50,737  INFO [main] TestBase:29 - Propertied file loaded into property objec
2021-09-10 17:44:59,423  INFO [main] TestBase:24 - Properties object created
2021-09-10 17:44:59,425  INFO [main] TestBase:29 - Propertied file loaded into property objec
2021-09-10 17:45:01,915  INFO [main] TestBase:24 - Properties object created
2021-09-10 17:45:01,916  INFO [main] TestBase:29 - Propertied file loaded into property objec
2021-09-10 17:45:01,926  INFO [main] TestBase:24 - Properties object created
2021-09-10 17:45:01,927  INFO [main] TestBase:29 - Propertied file loaded into property objec
2021-09-10 17:49:22,458  INFO [main] TestBase:24 - Properties object created
2021-09-10 17:49:22,467  INFO [main] TestBase:29 - Propertied file loaded into property objec
2021-09-10 17:49:24,429  INFO [main] TestBase:49 - Chrome Driver Initiated
2021-09-10 17:49:29,716  INFO [main] TestBase:24 - Properties object created
2021-09-10 17:49:29,717  INFO [main] TestBase:29 - Propertied file loaded into property objec
2021-09-10 17:49:36,759  INFO [main] TestBase:24 - Properties object created
2021-09-10 17:49:36,760  INFO [main] TestBase:29 - Propertied file loaded into property objec
2021-09-10 17:49:39,098  INFO [main] TestBase:24 - Properties object created
2021-09-10 17:49:39,100  INFO [main] TestBase:29 - Propertied file loaded into property objec
2021-09-10 17:49:39,110  INFO [main] TestBase:24 - Properties object created
2021-09-10 17:49:39,111  INFO [main] TestBase:29 - Propertied file loaded into property objec
2021-09-10 17:50:46,292  INFO [main] TestBase:24 - Properties object created
2021-09-10 17:50:46,295  INFO [main] TestBase:29 - Propertied file loaded into property objec
2021-09-10 17:50:48,356  INFO [main] TestBase:49 - Chrome Driver Initiated
2021-09-10 17:50:54,086  INFO [main] TestBase:24 - Properties object created
2021-09-10 17:50:54,087  INFO [main] TestBase:29 - Propertied file loaded into property objec
2021-09-10 17:51:03,984  INFO [main] TestBase:24 - Properties object created
2021-09-10 17:51:03,985  INFO [main] TestBase:29 - Propertied file loaded into property objec
2021-09-10 17:51:06,320  INFO [main] TestBase:24 - Properties object created
2021-09-10 17:51:06,323  INFO [main] TestBase:29 - Propertied file loaded into property objec
2021-09-10 17:51:06,334  INFO [main] TestBase:24 - Properties object created
2021-09-10 17:51:06,336  INFO [main] TestBase:29 - Propertied file loaded into property objec
2021-09-10 17:53:05,677  INFO [main] TestBase:24 - Properties object created
2021-09-10 17:53:05,685  INFO [main] TestBase:29 - Propertied file loaded into property objec
2021-09-10 17:53:07,605  INFO [main] TestBase:49 - Chrome Driver Initiated
2021-09-10 17:53:12,866  INFO [main] TestBase:24 - Properties object created
2021-09-10 17:53:12,867  INFO [main] TestBase:29 - Propertied file loaded into property objec
2021-09-10 17:53:23,189  INFO [main] TestBase:24 - Properties object created
2021-09-10 17:53:23,190  INFO [main] TestBase:29 - Propertied file loaded into property objec
2021-09-10 17:53:25,608  INFO [main] TestBase:24 - Properties object created
2021-09-10 17:53:25,610  INFO [main] TestBase:29 - Propertied file loaded into property objec
2021-09-10 17:53:25,620  INFO [main] TestBase:24 - Properties object created
2021-09-10 17:53:25,621  INFO [main] TestBase:29 - Propertied file loaded into property objec
2021-09-10 19:27:33,164  INFO [main] TestBase:24 - Properties object created
2021-09-10 19:27:33,174  INFO [main] TestBase:29 - Propertied file loaded into property objec
2021-09-10 19:27:36,884  INFO [main] TestBase:49 - Chrome Driver Initiated
2021-09-10 19:27:42,636  INFO [main] TestBase:24 - Properties object created
2021-09-10 19:27:42,637  INFO [main] TestBase:29 - Propertied file loaded into property objec
2021-09-10 19:27:51,217  INFO [main] TestBase:24 - Properties object created
2021-09-10 19:27:51,218  INFO [main] TestBase:29 - Propertied file loaded into property objec
2021-09-10 19:27:54,005  INFO [main] TestBase:24 - Properties object created
2021-09-10 19:27:54,006  INFO [main] TestBase:29 - Propertied file loaded into property objec
2021-09-10 19:27:54,018  INFO [main] TestBase:24 - Properties object created
2021-09-10 19:27:54,019  INFO [main] TestBase:29 - Propertied file loaded into property objec
2021-09-10 19:30:13,183  INFO [main] TestBase:24 - Properties object created
2021-09-10 19:30:13,187  INFO [main] TestBase:29 - Propertied file loaded into property objec
2021-09-10 19:30:15,246  INFO [main] TestBase:49 - Chrome Driver Initiated
2021-09-10 19:30:20,854  INFO [main] TestBase:24 - Properties object created
2021-09-10 19:30:20,856  INFO [main] TestBase:29 - Propertied file loaded into property objec
2021-09-10 19:30:29,618  INFO [main] TestBase:24 - Properties object created
2021-09-10 19:30:29,621  INFO [main] TestBase:29 - Propertied file loaded into property objec
2021-09-10 19:30:33,007  INFO [main] TestBase:24 - Properties object created
2021-09-10 19:30:33,009  INFO [main] TestBase:29 - Propertied file loaded into property objec
2021-09-10 19:30:33,022  INFO [main] TestBase:24 - Properties object created
2021-09-10 19:30:33,023  INFO [main] TestBase:29 - Propertied file loaded into property objec
2021-09-10 22:35:54,414  INFO [main] TestBase:24 - Properties object created
2021-09-10 22:35:54,419  INFO [main] TestBase:29 - Propertied file loaded into property objec
2021-09-10 22:35:58,975  INFO [main] TestBase:49 - Chrome Driver Initiated
2021-09-10 22:36:05,168  INFO [main] TestBase:24 - Properties object created
2021-09-10 22:36:05,171  INFO [main] TestBase:29 - Propertied file loaded into property objec
2021-09-10 22:36:09,997  INFO [main] TestBase:24 - Properties object created
2021-09-10 22:36:09,998  INFO [main] TestBase:29 - Propertied file loaded into property objec
2021-09-10 22:36:12,757  INFO [main] TestBase:24 - Properties object created
2021-09-10 22:36:12,758  INFO [main] TestBase:29 - Propertied file loaded into property objec
2021-09-10 22:36:12,770  INFO [main] TestBase:24 - Properties object created
2021-09-10 22:36:12,771  INFO [main] TestBase:29 - Propertied file loaded into property objec
2021-09-10 22:41:05,810  INFO [main] TestBase:24 - Properties object created
2021-09-10 22:41:05,814  INFO [main] TestBase:29 - Propertied file loaded into property objec
2021-09-10 22:41:08,521  INFO [main] TestBase:49 - Chrome Driver Initiated
2021-09-10 22:41:14,923  INFO [main] TestBase:24 - Properties object created
2021-09-10 22:41:14,923  INFO [main] TestBase:29 - Propertied file loaded into property objec
2021-09-10 22:41:22,623  INFO [main] TestBase:24 - Properties object created
2021-09-10 22:41:22,624  INFO [main] TestBase:29 - Propertied file loaded into property objec
2021-09-10 22:41:24,645  INFO [main] TestBase:24 - Properties object created
2021-09-10 22:41:24,647  INFO [main] TestBase:29 - Propertied file loaded into property objec
2021-09-10 22:41:24,655  INFO [main] TestBase:24 - Properties object created
2021-09-10 22:41:24,659  INFO [main] TestBase:29 - Propertied file loaded into property objec
2021-09-10 22:44:10,605  INFO [main] TestBase:24 - Properties object created
2021-09-10 22:44:10,609  INFO [main] TestBase:29 - Propertied file loaded into property objec
2021-09-10 22:44:13,112  INFO [main] TestBase:49 - Chrome Driver Initiated
2021-09-10 22:44:19,054  INFO [main] TestBase:24 - Properties object created
2021-09-10 22:44:19,056  INFO [main] TestBase:29 - Propertied file loaded into property objec
2021-09-10 22:44:25,018  INFO [main] TestBase:24 - Properties object created
2021-09-10 22:44:25,019  INFO [main] TestBase:29 - Propertied file loaded into property objec
2021-09-10 22:44:28,231  INFO [main] TestBase:24 - Properties object created
2021-09-10 22:44:28,233  INFO [main] TestBase:29 - Propertied file loaded into property objec
2021-09-10 22:44:28,241  INFO [main] TestBase:24 - Properties object created
2021-09-10 22:44:28,242  INFO [main] TestBase:29 - Propertied file loaded into property objec
2021-09-10 22:49:40,376  INFO [main] TestBase:24 - Properties object created
2021-09-10 22:49:40,379  INFO [main] TestBase:29 - Propertied file loaded into property objec
2021-09-10 22:49:42,474  INFO [main] TestBase:49 - Chrome Driver Initiated
2021-09-10 22:49:48,897  INFO [main] TestBase:24 - Properties object created
2021-09-10 22:49:48,899  INFO [main] TestBase:29 - Propertied file loaded into property objec
2021-09-10 22:49:55,716  INFO [main] TestBase:24 - Properties object created
2021-09-10 22:49:55,717  INFO [main] TestBase:29 - Propertied file loaded into property objec
2021-09-10 22:49:58,797  INFO [main] TestBase:24 - Properties object created
2021-09-10 22:49:58,798  INFO [main] TestBase:29 - Propertied file loaded into property objec
2021-09-10 22:49:58,811  INFO [main] TestBase:24 - Properties object created
2021-09-10 22:49:58,812  INFO [main] TestBase:29 - Propertied file loaded into property objec
2021-09-10 22:52:03,540  INFO [main] TestBase:24 - Properties object created
2021-09-10 22:52:03,543  INFO [main] TestBase:29 - Propertied file loaded into property objec
2021-09-10 22:52:05,610  INFO [main] TestBase:49 - Chrome Driver Initiated
2021-09-10 22:52:11,834  INFO [main] TestBase:24 - Properties object created
2021-09-10 22:52:11,836  INFO [main] TestBase:29 - Propertied file loaded into property objec
2021-09-10 22:52:17,578  INFO [main] TestBase:24 - Properties object created
2021-09-10 22:52:17,579  INFO [main] TestBase:29 - Propertied file loaded into property objec
2021-09-10 22:52:20,541  INFO [main] TestBase:24 - Properties object created
2021-09-10 22:52:20,542  INFO [main] TestBase:29 - Propertied file loaded into property objec
2021-09-10 22:52:20,553  INFO [main] TestBase:24 - Properties object created
2021-09-10 22:52:20,555  INFO [main] TestBase:29 - Propertied file loaded into property objec
2021-09-10 22:54:20,776  INFO [main] TestBase:24 - Properties object created
2021-09-10 22:54:20,779  INFO [main] TestBase:29 - Propertied file loaded into property objec
2021-09-10 22:54:23,047  INFO [main] TestBase:49 - Chrome Driver Initiated
2021-09-10 22:54:29,275  INFO [main] TestBase:24 - Properties object created
2021-09-10 22:54:29,277  INFO [main] TestBase:29 - Propertied file loaded into property objec
2021-09-10 22:54:36,119  INFO [main] TestBase:24 - Properties object created
2021-09-10 22:54:36,120  INFO [main] TestBase:29 - Propertied file loaded into property objec
2021-09-10 22:54:39,780  INFO [main] TestBase:24 - Properties object created
2021-09-10 22:54:39,781  INFO [main] TestBase:29 - Propertied file loaded into property objec
2021-09-10 22:54:39,793  INFO [main] TestBase:24 - Properties object created
2021-09-10 22:54:39,793  INFO [main] TestBase:29 - Propertied file loaded into property objec
2021-09-10 22:56:12,052  INFO [main] TestBase:24 - Properties object created
2021-09-10 22:56:12,055  INFO [main] TestBase:29 - Propertied file loaded into property objec
2021-09-10 22:56:14,264  INFO [main] TestBase:49 - Chrome Driver Initiated
2021-09-10 22:56:20,571  INFO [main] TestBase:24 - Properties object created
2021-09-10 22:56:20,573  INFO [main] TestBase:29 - Propertied file loaded into property objec
2021-09-10 22:56:25,944  INFO [main] TestBase:24 - Properties object created
2021-09-10 22:56:25,945  INFO [main] TestBase:29 - Propertied file loaded into property objec
2021-09-10 22:56:28,632  INFO [main] TestBase:24 - Properties object created
2021-09-10 22:56:28,633  INFO [main] TestBase:29 - Propertied file loaded into property objec
2021-09-10 22:56:28,647  INFO [main] TestBase:24 - Properties object created
2021-09-10 22:56:28,648  INFO [main] TestBase:29 - Propertied file loaded into property objec
2021-09-10 22:59:54,728  INFO [main] TestBase:24 - Properties object created
2021-09-10 22:59:54,731  INFO [main] TestBase:29 - Propertied file loaded into property objec
2021-09-10 22:59:56,981  INFO [main] TestBase:49 - Chrome Driver Initiated
2021-09-10 23:00:02,949  INFO [main] TestBase:24 - Properties object created
2021-09-10 23:00:02,951  INFO [main] TestBase:29 - Propertied file loaded into property objec
2021-09-10 23:00:08,340  INFO [main] TestBase:24 - Properties object created
2021-09-10 23:00:08,341  INFO [main] TestBase:29 - Propertied file loaded into property objec
2021-09-10 23:00:11,117  INFO [main] TestBase:24 - Properties object created
2021-09-10 23:00:11,119  INFO [main] TestBase:29 - Propertied file loaded into property objec
2021-09-10 23:00:11,132  INFO [main] TestBase:24 - Properties object created
2021-09-10 23:00:11,133  INFO [main] TestBase:29 - Propertied file loaded into property objec
2021-09-10 23:02:16,659  INFO [main] TestBase:24 - Properties object created
2021-09-10 23:02:16,662  INFO [main] TestBase:29 - Propertied file loaded into property objec
2021-09-10 23:02:18,583  INFO [main] TestBase:49 - Chrome Driver Initiated
2021-09-10 23:02:24,392  INFO [main] TestBase:24 - Properties object created
2021-09-10 23:02:24,393  INFO [main] TestBase:29 - Propertied file loaded into property objec
2021-09-10 23:02:29,956  INFO [main] TestBase:24 - Properties object created
2021-09-10 23:02:29,957  INFO [main] TestBase:29 - Propertied file loaded into property objec
2021-09-10 23:02:31,528  INFO [main] TestBase:24 - Properties object created
2021-09-10 23:02:31,530  INFO [main] TestBase:29 - Propertied file loaded into property objec
2021-09-10 23:02:31,544  INFO [main] TestBase:24 - Properties object created
2021-09-10 23:02:31,545  INFO [main] TestBase:29 - Propertied file loaded into property objec
2021-09-10 23:03:59,504  INFO [main] TestBase:24 - Properties object created
2021-09-10 23:03:59,508  INFO [main] TestBase:29 - Propertied file loaded into property objec
2021-09-10 23:04:01,411  INFO [main] TestBase:49 - Chrome Driver Initiated
2021-09-10 23:04:07,214  INFO [main] TestBase:24 - Properties object created
2021-09-10 23:04:07,215  INFO [main] TestBase:29 - Propertied file loaded into property objec
2021-09-10 23:04:12,634  INFO [main] TestBase:24 - Properties object created
2021-09-10 23:04:12,635  INFO [main] TestBase:29 - Propertied file loaded into property objec
2021-09-10 23:04:16,060  INFO [main] TestBase:24 - Properties object created
2021-09-10 23:04:16,061  INFO [main] TestBase:29 - Propertied file loaded into property objec
2021-09-10 23:04:16,075  INFO [main] TestBase:24 - Properties object created
2021-09-10 23:04:16,076  INFO [main] TestBase:29 - Propertied file loaded into property objec
2021-09-11 00:19:59,651  INFO [main] TestBase:29 - Properties object created
2021-09-11 00:19:59,654  INFO [main] TestBase:34 - Propertied file loaded into property objec
2021-09-11 00:19:59,725  INFO [main] TestBase:29 - Properties object created
2021-09-11 00:19:59,725  INFO [main] TestBase:34 - Propertied file loaded into property objec
2021-09-11 00:20:01,877  INFO [main] TestBase:54 - Chrome Driver Initiated
2021-09-11 00:20:07,735  INFO [main] TestBase:29 - Properties object created
2021-09-11 00:20:07,736  INFO [main] TestBase:34 - Propertied file loaded into property objec
2021-09-11 00:20:12,636  INFO [main] TestBase:29 - Properties object created
2021-09-11 00:20:12,638  INFO [main] TestBase:34 - Propertied file loaded into property objec
2021-09-11 00:20:15,247  INFO [main] TestBase:29 - Properties object created
2021-09-11 00:20:15,248  INFO [main] TestBase:34 - Propertied file loaded into property objec
2021-09-11 00:20:15,259  INFO [main] TestBase:29 - Properties object created
2021-09-11 00:20:15,261  INFO [main] TestBase:34 - Propertied file loaded into property objec
2021-09-11 00:20:17,555  INFO [main] TestBase:54 - Chrome Driver Initiated
2021-09-11 00:20:23,007  INFO [main] TestBase:29 - Properties object created
2021-09-11 00:20:23,009  INFO [main] TestBase:34 - Propertied file loaded into property objec
2021-09-11 00:20:27,337  INFO [main] TestBase:29 - Properties object created
2021-09-11 00:20:27,338  INFO [main] TestBase:34 - Propertied file loaded into property objec
2021-09-11 00:20:28,826  INFO [main] TestBase:29 - Properties object created
2021-09-11 00:20:28,827  INFO [main] TestBase:34 - Propertied file loaded into property objec
2021-09-11 00:20:28,829  INFO [main] TestBase:29 - Properties object created
2021-09-11 00:20:28,830  INFO [main] TestBase:34 - Propertied file loaded into property objec
2021-09-11 00:23:49,256  INFO [main] TestBase:29 - Properties object created
2021-09-11 00:23:49,260  INFO [main] TestBase:34 - Propertied file loaded into property objec
2021-09-11 00:23:49,327  INFO [main] TestBase:29 - Properties object created
2021-09-11 00:23:49,328  INFO [main] TestBase:34 - Propertied file loaded into property objec
2021-09-11 00:23:51,521  INFO [main] TestBase:54 - Chrome Driver Initiated
2021-09-11 00:23:56,965  INFO [main] TestBase:29 - Properties object created
2021-09-11 00:23:56,966  INFO [main] TestBase:34 - Propertied file loaded into property objec
2021-09-11 00:24:03,566  INFO [main] TestBase:29 - Properties object created
2021-09-11 00:24:03,568  INFO [main] TestBase:34 - Propertied file loaded into property objec
2021-09-11 00:24:06,108  INFO [main] TestBase:29 - Properties object created
2021-09-11 00:24:06,110  INFO [main] TestBase:34 - Propertied file loaded into property objec
2021-09-11 00:24:06,119  INFO [main] TestBase:29 - Properties object created
2021-09-11 00:24:06,124  INFO [main] TestBase:34 - Propertied file loaded into property objec
2021-09-11 00:26:20,194  INFO [main] TestBase:29 - Properties object created
2021-09-11 00:26:20,197  INFO [main] TestBase:34 - Propertied file loaded into property objec
2021-09-11 00:26:20,261  INFO [main] TestBase:29 - Properties object created
2021-09-11 00:26:20,262  INFO [main] TestBase:34 - Propertied file loaded into property objec
2021-09-11 00:26:22,196  INFO [main] TestBase:54 - Chrome Driver Initiated
2021-09-11 00:26:27,834  INFO [main] TestBase:29 - Properties object created
2021-09-11 00:26:27,835  INFO [main] TestBase:34 - Propertied file loaded into property objec
2021-09-11 00:26:32,992  INFO [main] TestBase:29 - Properties object created
2021-09-11 00:26:32,993  INFO [main] TestBase:34 - Propertied file loaded into property objec
2021-09-11 00:26:36,372  INFO [main] TestBase:29 - Properties object created
2021-09-11 00:26:36,373  INFO [main] TestBase:34 - Propertied file loaded into property objec
2021-09-11 00:26:36,381  INFO [main] TestBase:29 - Properties object created
2021-09-11 00:26:36,382  INFO [main] TestBase:34 - Propertied file loaded into property objec
2021-09-11 00:29:26,841  INFO [main] TestBase:29 - Properties object created
2021-09-11 00:29:26,845  INFO [main] TestBase:34 - Propertied file loaded into property objec
2021-09-11 00:29:26,910  INFO [main] TestBase:29 - Properties object created
2021-09-11 00:29:26,912  INFO [main] TestBase:34 - Propertied file loaded into property objec
2021-09-11 00:29:28,780  INFO [main] TestBase:54 - Chrome Driver Initiated
2021-09-11 00:29:34,452  INFO [main] TestBase:29 - Properties object created
2021-09-11 00:29:34,453  INFO [main] TestBase:34 - Propertied file loaded into property objec
2021-09-11 00:29:39,975  INFO [main] TestBase:29 - Properties object created
2021-09-11 00:29:39,976  INFO [main] TestBase:34 - Propertied file loaded into property objec
2021-09-11 00:29:41,760  INFO [main] TestBase:29 - Properties object created
2021-09-11 00:29:41,761  INFO [main] TestBase:34 - Propertied file loaded into property objec
2021-09-11 00:29:41,769  INFO [main] TestBase:29 - Properties object created
2021-09-11 00:29:41,770  INFO [main] TestBase:34 - Propertied file loaded into property objec
2021-09-11 00:46:54,252  INFO [main] TestBase:29 - Properties object created
2021-09-11 00:46:54,255  INFO [main] TestBase:34 - Propertied file loaded into property objec
2021-09-11 00:46:54,319  INFO [main] TestBase:29 - Properties object created
2021-09-11 00:46:54,320  INFO [main] TestBase:34 - Propertied file loaded into property objec
2021-09-11 00:46:54,320  INFO [main] LoginPageTest:22 - Fetching Base Driver Constructor --super() can be used to call parent class' constructors only.
2021-09-11 00:46:57,550  INFO [main] TestBase:54 - Chrome Driver Initiated
2021-09-11 00:47:03,167  INFO [main] TestBase:29 - Properties object created
2021-09-11 00:47:03,168  INFO [main] TestBase:34 - Propertied file loaded into property objec
2021-09-11 00:47:09,049  INFO [main] TestBase:29 - Properties object created
2021-09-11 00:47:09,050  INFO [main] TestBase:34 - Propertied file loaded into property objec
2021-09-11 00:47:12,731  INFO [main] TestBase:54 - Chrome Driver Initiated
2021-09-11 00:47:18,293  INFO [main] TestBase:29 - Properties object created
2021-09-11 00:47:18,294  INFO [main] TestBase:34 - Propertied file loaded into property objec
2021-09-11 00:47:23,770  INFO [main] TestBase:29 - Properties object created
2021-09-11 00:47:23,771  INFO [main] TestBase:34 - Propertied file loaded into property objec
2021-09-11 00:47:25,343  INFO [main] TestBase:29 - Properties object created
2021-09-11 00:47:25,344  INFO [main] TestBase:34 - Propertied file loaded into property objec
2021-09-11 00:47:26,835  INFO [main] TestBase:54 - Chrome Driver Initiated
2021-09-11 00:47:32,392  INFO [main] TestBase:29 - Properties object created
2021-09-11 00:47:32,393  INFO [main] TestBase:34 - Propertied file loaded into property objec
2021-09-11 00:47:37,967  INFO [main] TestBase:29 - Properties object created
2021-09-11 00:47:37,968  INFO [main] TestBase:34 - Propertied file loaded into property objec
2021-09-11 00:47:40,206  INFO [main] TestBase:29 - Properties object created
2021-09-11 00:47:40,208  INFO [main] TestBase:34 - Propertied file loaded into property objec
2021-09-11 00:47:41,689  INFO [main] TestBase:54 - Chrome Driver Initiated
2021-09-11 00:47:47,140  INFO [main] TestBase:29 - Properties object created
2021-09-11 00:47:47,141  INFO [main] TestBase:34 - Propertied file loaded into property objec
2021-09-11 00:47:54,239  INFO [main] TestBase:29 - Properties object created
2021-09-11 00:47:54,240  INFO [main] TestBase:34 - Propertied file loaded into property objec
2021-09-11 00:47:55,903  INFO [main] TestBase:29 - Properties object created
2021-09-11 00:47:55,904  INFO [main] TestBase:34 - Propertied file loaded into property objec
2021-09-11 00:47:57,385  INFO [main] TestBase:54 - Chrome Driver Initiated
2021-09-11 00:48:02,756  INFO [main] TestBase:29 - Properties object created
2021-09-11 00:48:02,757  INFO [main] TestBase:34 - Propertied file loaded into property objec
2021-09-11 00:48:07,276  INFO [main] TestBase:29 - Properties object created
2021-09-11 00:48:07,277  INFO [main] TestBase:34 - Propertied file loaded into property objec
2021-09-11 00:48:08,580  INFO [main] TestBase:29 - Properties object created
2021-09-11 00:48:08,581  INFO [main] TestBase:34 - Propertied file loaded into property objec
2021-09-11 00:48:10,151  INFO [main] TestBase:54 - Chrome Driver Initiated
2021-09-11 00:48:15,888  INFO [main] TestBase:29 - Properties object created
2021-09-11 00:48:15,889  INFO [main] TestBase:34 - Propertied file loaded into property objec
2021-09-11 00:48:20,369  INFO [main] TestBase:29 - Properties object created
2021-09-11 00:48:20,369  INFO [main] TestBase:34 - Propertied file loaded into property objec
2021-09-11 00:48:22,758  INFO [main] TestBase:29 - Properties object created
2021-09-11 00:48:22,760  INFO [main] TestBase:34 - Propertied file loaded into property objec
2021-09-11 00:48:24,125  INFO [main] TestBase:54 - Chrome Driver Initiated
2021-09-11 00:48:29,583  INFO [main] LoginPageTest:30 - calling chrome driver
2021-09-11 00:48:29,583  INFO [main] TestBase:29 - Properties object created
2021-09-11 00:48:29,584  INFO [main] TestBase:34 - Propertied file loaded into property objec
2021-09-11 00:48:31,134  INFO [main] TestBase:54 - Chrome Driver Initiated
2021-09-11 00:48:37,622  INFO [main] LoginPageTest:30 - calling chrome driver
2021-09-11 00:48:37,622  INFO [main] TestBase:29 - Properties object created
2021-09-11 00:48:37,623  INFO [main] TestBase:34 - Propertied file loaded into property objec
2021-09-11 00:48:39,245  INFO [main] TestBase:54 - Chrome Driver Initiated
2021-09-11 00:48:44,757  INFO [main] LoginPageTest:30 - calling chrome driver
2021-09-11 00:48:44,758  INFO [main] TestBase:29 - Properties object created
2021-09-11 00:48:44,758  INFO [main] TestBase:34 - Propertied file loaded into property objec
2021-09-11 00:48:45,936  INFO [main] TestBase:54 - Chrome Driver Initiated
2021-09-11 00:48:50,627  INFO [main] LoginPageTest:30 - calling chrome driver
2021-09-11 00:48:50,628  INFO [main] TestBase:29 - Properties object created
2021-09-11 00:48:50,628  INFO [main] TestBase:34 - Propertied file loaded into property objec
2021-09-11 00:48:55,498  INFO [main] TestBase:29 - Properties object created
2021-09-11 00:48:55,499  INFO [main] TestBase:34 - Propertied file loaded into property objec
2021-09-11 00:59:59,636  INFO [main] TestBase:29 - Properties object created
2021-09-11 00:59:59,640  INFO [main] TestBase:34 - Propertied file loaded into property objec
2021-09-11 00:59:59,706  INFO [main] TestBase:29 - Properties object created
2021-09-11 00:59:59,707  INFO [main] TestBase:34 - Propertied file loaded into property objec
2021-09-11 00:59:59,717  INFO [main] TestBase:29 - Properties object created
2021-09-11 00:59:59,718  INFO [main] TestBase:34 - Propertied file loaded into property objec
2021-09-11 00:59:59,724  INFO [main] TestBase:29 - Properties object created
2021-09-11 00:59:59,728  INFO [main] TestBase:34 - Propertied file loaded into property objec
2021-09-11 00:59:59,736  INFO [main] TestBase:29 - Properties object created
2021-09-11 00:59:59,737  INFO [main] TestBase:34 - Propertied file loaded into property objec
2021-09-11 00:59:59,747  INFO [main] TestBase:29 - Properties object created
2021-09-11 00:59:59,749  INFO [main] TestBase:34 - Propertied file loaded into property objec
2021-09-11 00:59:59,765  INFO [main] TestBase:29 - Properties object created
2021-09-11 00:59:59,766  INFO [main] TestBase:34 - Propertied file loaded into property objec
2021-09-11 00:59:59,768  INFO [main] LoginPageTest:22 - Fetching Base Driver Constructor --super() can be used to call parent class' constructors only.
2021-09-11 00:59:59,783  INFO [main] TestBase:29 - Properties object created
2021-09-11 00:59:59,784  INFO [main] TestBase:34 - Propertied file loaded into property objec
2021-09-11 00:59:59,815  INFO [main] TestBase:29 - Properties object created
2021-09-11 00:59:59,816  INFO [main] TestBase:34 - Propertied file loaded into property objec
2021-09-11 01:00:01,766  INFO [main] TestBase:54 - Chrome Driver Initiated
2021-09-11 01:00:07,316  INFO [main] TestBase:29 - Properties object created
2021-09-11 01:00:07,317  INFO [main] TestBase:34 - Propertied file loaded into property objec
2021-09-11 01:00:07,363  INFO [main] TestBase:29 - Properties object created
2021-09-11 01:00:07,364  INFO [main] TestBase:34 - Propertied file loaded into property objec
2021-09-11 01:00:15,821  INFO [main] TestBase:29 - Properties object created
2021-09-11 01:00:15,822  INFO [main] TestBase:34 - Propertied file loaded into property objec
2021-09-11 01:00:18,506  INFO [main] TestBase:29 - Properties object created
2021-09-11 01:00:18,507  INFO [main] TestBase:34 - Propertied file loaded into property objec
2021-09-11 01:00:20,641  INFO [main] TestBase:54 - Chrome Driver Initiated
2021-09-11 01:00:29,466  INFO [main] TestBase:29 - Properties object created
2021-09-11 01:00:29,467  INFO [main] TestBase:34 - Propertied file loaded into property objec
2021-09-11 01:00:29,469  INFO [main] TestBase:29 - Properties object created
2021-09-11 01:00:29,470  INFO [main] TestBase:34 - Propertied file loaded into property objec
2021-09-11 01:00:36,912  INFO [main] TestBase:29 - Properties object created
2021-09-11 01:00:36,913  INFO [main] TestBase:34 - Propertied file loaded into property objec
2021-09-11 01:00:36,915  INFO [main] TestBase:29 - Properties object created
2021-09-11 01:00:36,916  INFO [main] TestBase:34 - Propertied file loaded into property objec
2021-09-11 01:00:40,884  INFO [main] TestBase:54 - Chrome Driver Initiated
2021-09-11 01:00:47,743  INFO [main] TestBase:29 - Properties object created
2021-09-11 01:00:47,744  INFO [main] TestBase:34 - Propertied file loaded into property objec
2021-09-11 01:00:55,183  INFO [main] TestBase:29 - Properties object created
2021-09-11 01:00:55,184  INFO [main] TestBase:34 - Propertied file loaded into property objec
2021-09-11 01:00:55,187  INFO [main] TestBase:29 - Properties object created
2021-09-11 01:00:55,188  INFO [main] TestBase:34 - Propertied file loaded into property objec
2021-09-11 01:01:00,079  INFO [main] TestBase:54 - Chrome Driver Initiated
2021-09-11 01:01:05,666  INFO [main] TestBase:29 - Properties object created
2021-09-11 01:01:05,667  INFO [main] TestBase:34 - Propertied file loaded into property objec
2021-09-11 01:01:18,177  INFO [main] TestBase:29 - Properties object created
2021-09-11 01:01:18,178  INFO [main] TestBase:34 - Propertied file loaded into property objec
2021-09-11 01:01:20,761  INFO [main] TestBase:29 - Properties object created
2021-09-11 01:01:20,762  INFO [main] TestBase:34 - Propertied file loaded into property objec
2021-09-11 01:01:20,767  INFO [main] TestBase:29 - Properties object created
2021-09-11 01:01:20,768  INFO [main] TestBase:34 - Propertied file loaded into property objec
2021-09-11 01:01:22,438  INFO [main] TestBase:54 - Chrome Driver Initiated
2021-09-11 01:01:28,035  INFO [main] TestBase:29 - Properties object created
2021-09-11 01:01:28,036  INFO [main] TestBase:34 - Propertied file loaded into property objec
2021-09-11 01:01:36,010  INFO [main] TestBase:29 - Properties object created
2021-09-11 01:01:36,011  INFO [main] TestBase:34 - Propertied file loaded into property objec
2021-09-11 01:01:36,013  INFO [main] TestBase:29 - Properties object created
2021-09-11 01:01:36,014  INFO [main] TestBase:34 - Propertied file loaded into property objec
2021-09-11 01:01:39,983  INFO [main] TestBase:54 - Chrome Driver Initiated
2021-09-11 01:01:45,509  INFO [main] TestBase:29 - Properties object created
2021-09-11 01:01:45,510  INFO [main] TestBase:34 - Propertied file loaded into property objec
2021-09-11 01:01:56,868  INFO [main] TestBase:29 - Properties object created
2021-09-11 01:01:56,869  INFO [main] TestBase:34 - Propertied file loaded into property objec
2021-09-11 01:01:59,603  INFO [main] TestBase:54 - Chrome Driver Initiated
2021-09-11 01:02:05,035  INFO [main] TestBase:29 - Properties object created
2021-09-11 01:02:05,036  INFO [main] TestBase:34 - Propertied file loaded into property objec
2021-09-11 01:02:14,024  INFO [main] TestBase:29 - Properties object created
2021-09-11 01:02:14,025  INFO [main] TestBase:34 - Propertied file loaded into property objec
2021-09-11 01:02:16,085  INFO [main] TestBase:29 - Properties object created
2021-09-11 01:02:16,087  INFO [main] TestBase:34 - Propertied file loaded into property objec
2021-09-11 01:02:17,622  INFO [main] TestBase:54 - Chrome Driver Initiated
2021-09-11 01:02:23,347  INFO [main] TestBase:29 - Properties object created
2021-09-11 01:02:23,348  INFO [main] TestBase:34 - Propertied file loaded into property objec
2021-09-11 01:02:33,101  INFO [main] TestBase:29 - Properties object created
2021-09-11 01:02:33,102  INFO [main] TestBase:34 - Propertied file loaded into property objec
2021-09-11 01:02:35,115  INFO [main] TestBase:29 - Properties object created
2021-09-11 01:02:35,116  INFO [main] TestBase:34 - Propertied file loaded into property objec
2021-09-11 01:02:36,611  INFO [main] TestBase:54 - Chrome Driver Initiated
2021-09-11 01:02:42,244  INFO [main] TestBase:29 - Properties object created
2021-09-11 01:02:42,245  INFO [main] TestBase:34 - Propertied file loaded into property objec
2021-09-11 01:02:48,743  INFO [main] TestBase:29 - Properties object created
2021-09-11 01:02:48,743  INFO [main] TestBase:34 - Propertied file loaded into property objec
2021-09-11 01:02:51,215  INFO [main] TestBase:29 - Properties object created
2021-09-11 01:02:51,219  INFO [main] TestBase:34 - Propertied file loaded into property objec
2021-09-11 01:02:52,702  INFO [main] TestBase:54 - Chrome Driver Initiated
2021-09-11 01:02:58,194  INFO [main] TestBase:29 - Properties object created
2021-09-11 01:02:58,195  INFO [main] TestBase:34 - Propertied file loaded into property objec
2021-09-11 01:03:05,841  INFO [main] TestBase:29 - Properties object created
2021-09-11 01:03:05,842  INFO [main] TestBase:34 - Propertied file loaded into property objec
2021-09-11 01:03:07,932  INFO [main] TestBase:29 - Properties object created
2021-09-11 01:03:07,933  INFO [main] TestBase:34 - Propertied file loaded into property objec
2021-09-11 01:03:09,362  INFO [main] TestBase:54 - Chrome Driver Initiated
2021-09-11 01:03:15,292  INFO [main] TestBase:29 - Properties object created
2021-09-11 01:03:15,293  INFO [main] TestBase:34 - Propertied file loaded into property objec
2021-09-11 01:03:23,764  INFO [main] TestBase:29 - Properties object created
2021-09-11 01:03:23,765  INFO [main] TestBase:34 - Propertied file loaded into property objec
2021-09-11 01:03:26,180  INFO [main] TestBase:29 - Properties object created
2021-09-11 01:03:26,182  INFO [main] TestBase:34 - Propertied file loaded into property objec
2021-09-11 01:03:27,701  INFO [main] TestBase:54 - Chrome Driver Initiated
2021-09-11 01:03:33,173  INFO [main] LoginPageTest:30 - calling chrome driver
2021-09-11 01:03:33,174  INFO [main] TestBase:29 - Properties object created
2021-09-11 01:03:33,175  INFO [main] TestBase:34 - Propertied file loaded into property objec
2021-09-11 01:03:34,691  INFO [main] TestBase:54 - Chrome Driver Initiated
2021-09-11 01:03:41,182  INFO [main] LoginPageTest:30 - calling chrome driver
2021-09-11 01:03:41,182  INFO [main] TestBase:29 - Properties object created
2021-09-11 01:03:41,183  INFO [main] TestBase:34 - Propertied file loaded into property objec
2021-09-11 01:03:42,718  INFO [main] TestBase:54 - Chrome Driver Initiated
2021-09-11 01:03:48,440  INFO [main] LoginPageTest:30 - calling chrome driver
2021-09-11 01:03:48,440  INFO [main] TestBase:29 - Properties object created
2021-09-11 01:03:48,441  INFO [main] TestBase:34 - Propertied file loaded into property objec
2021-09-11 01:03:50,816  INFO [main] TestBase:54 - Chrome Driver Initiated
2021-09-11 01:03:56,693  INFO [main] LoginPageTest:30 - calling chrome driver
2021-09-11 01:03:56,693  INFO [main] TestBase:29 - Properties object created
2021-09-11 01:03:56,694  INFO [main] TestBase:34 - Propertied file loaded into property objec
2021-09-11 01:04:07,341  INFO [main] TestBase:29 - Properties object created
2021-09-11 01:04:07,342  INFO [main] TestBase:34 - Propertied file loaded into property objec
2021-09-11 01:04:08,867  INFO [main] TestBase:54 - Chrome Driver Initiated
2021-09-11 01:04:14,393  INFO [main] TestBase:29 - Properties object created
2021-09-11 01:04:14,394  INFO [main] TestBase:34 - Propertied file loaded into property objec
2021-09-11 01:04:25,114  INFO [main] TestBase:29 - Properties object created
2021-09-11 01:04:25,115  INFO [main] TestBase:34 - Propertied file loaded into property objec
2021-09-11 01:04:25,116  INFO [main] TestBase:29 - Properties object created
2021-09-11 01:04:25,116  INFO [main] TestBase:34 - Propertied file loaded into property objec
2021-09-11 01:45:53,720  INFO [main] TestBase:30 - Properties object created
2021-09-11 01:45:53,723  INFO [main] TestBase:35 - Propertied file loaded into property objec
2021-09-11 01:45:53,793  INFO [main] TestBase:30 - Properties object created
2021-09-11 01:45:53,794  INFO [main] TestBase:35 - Propertied file loaded into property objec
2021-09-11 01:45:55,780  INFO [main] TestBase:55 - Chrome Driver Initiated
2021-09-11 01:46:01,575  INFO [main] TestBase:30 - Properties object created
2021-09-11 01:46:01,576  INFO [main] TestBase:35 - Propertied file loaded into property objec
2021-09-11 01:46:07,202  INFO [main] TestBase:30 - Properties object created
2021-09-11 01:46:07,203  INFO [main] TestBase:35 - Propertied file loaded into property objec
2021-09-11 01:46:09,932  INFO [main] TestBase:30 - Properties object created
2021-09-11 01:46:09,933  INFO [main] TestBase:35 - Propertied file loaded into property objec
2021-09-11 01:46:09,944  INFO [main] TestBase:30 - Properties object created
2021-09-11 01:46:09,945  INFO [main] TestBase:35 - Propertied file loaded into property objec
2021-09-11 01:47:34,136  INFO [main] TestBase:30 - Properties object created
2021-09-11 01:47:34,138  INFO [main] TestBase:35 - Propertied file loaded into property objec
2021-09-11 01:47:34,212  INFO [main] TestBase:30 - Properties object created
2021-09-11 01:47:34,213  INFO [main] TestBase:35 - Propertied file loaded into property objec
2021-09-11 01:47:34,225  INFO [main] TestBase:30 - Properties object created
2021-09-11 01:47:34,229  INFO [main] TestBase:35 - Propertied file loaded into property objec
2021-09-11 01:47:34,239  INFO [main] TestBase:30 - Properties object created
2021-09-11 01:47:34,241  INFO [main] TestBase:35 - Propertied file loaded into property objec
2021-09-11 01:47:34,259  INFO [main] TestBase:30 - Properties object created
2021-09-11 01:47:34,266  INFO [main] TestBase:35 - Propertied file loaded into property objec
2021-09-11 01:47:34,278  INFO [main] TestBase:30 - Properties object created
2021-09-11 01:47:34,282  INFO [main] TestBase:35 - Propertied file loaded into property objec
2021-09-11 01:47:34,307  INFO [main] TestBase:30 - Properties object created
2021-09-11 01:47:34,313  INFO [main] TestBase:35 - Propertied file loaded into property objec
2021-09-11 01:47:34,314  INFO [main] LoginPageTest:22 - Fetching Base Driver Constructor --super() can be used to call parent class' constructors only.
2021-09-11 01:47:34,333  INFO [main] TestBase:30 - Properties object created
2021-09-11 01:47:34,334  INFO [main] TestBase:35 - Propertied file loaded into property objec
2021-09-11 01:47:34,364  INFO [main] TestBase:30 - Properties object created
2021-09-11 01:47:34,364  INFO [main] TestBase:35 - Propertied file loaded into property objec
2021-09-11 01:47:36,265  INFO [main] TestBase:55 - Chrome Driver Initiated
2021-09-11 01:47:41,884  INFO [main] TestBase:30 - Properties object created
2021-09-11 01:47:41,885  INFO [main] TestBase:35 - Propertied file loaded into property objec
2021-09-11 01:47:41,926  INFO [main] TestBase:30 - Properties object created
2021-09-11 01:47:41,927  INFO [main] TestBase:35 - Propertied file loaded into property objec
2021-09-11 01:47:47,706  INFO [main] TestBase:30 - Properties object created
2021-09-11 01:47:47,707  INFO [main] TestBase:35 - Propertied file loaded into property objec
2021-09-11 01:47:50,032  INFO [main] TestBase:30 - Properties object created
2021-09-11 01:47:50,033  INFO [main] TestBase:35 - Propertied file loaded into property objec
2021-09-11 01:47:51,557  INFO [main] TestBase:55 - Chrome Driver Initiated
2021-09-11 01:47:57,376  INFO [main] TestBase:30 - Properties object created
2021-09-11 01:47:57,377  INFO [main] TestBase:35 - Propertied file loaded into property objec
2021-09-11 01:47:57,380  INFO [main] TestBase:30 - Properties object created
2021-09-11 01:47:57,380  INFO [main] TestBase:35 - Propertied file loaded into property objec
2021-09-11 01:48:03,891  INFO [main] TestBase:30 - Properties object created
2021-09-11 01:48:03,892  INFO [main] TestBase:35 - Propertied file loaded into property objec
2021-09-11 01:48:03,895  INFO [main] TestBase:30 - Properties object created
2021-09-11 01:48:03,895  INFO [main] TestBase:35 - Propertied file loaded into property objec
2021-09-11 01:48:08,298  INFO [main] TestBase:55 - Chrome Driver Initiated
2021-09-11 01:48:13,848  INFO [main] TestBase:30 - Properties object created
2021-09-11 01:48:13,849  INFO [main] TestBase:35 - Propertied file loaded into property objec
2021-09-11 01:48:19,647  INFO [main] TestBase:30 - Properties object created
2021-09-11 01:48:19,648  INFO [main] TestBase:35 - Propertied file loaded into property objec
2021-09-11 01:48:19,651  INFO [main] TestBase:30 - Properties object created
2021-09-11 01:48:19,652  INFO [main] TestBase:35 - Propertied file loaded into property objec
2021-09-11 01:48:23,571  INFO [main] TestBase:55 - Chrome Driver Initiated
2021-09-11 01:48:29,424  INFO [main] TestBase:30 - Properties object created
2021-09-11 01:48:29,425  INFO [main] TestBase:35 - Propertied file loaded into property objec
2021-09-11 01:48:35,688  INFO [main] TestBase:30 - Properties object created
2021-09-11 01:48:35,689  INFO [main] TestBase:35 - Propertied file loaded into property objec
2021-09-11 01:48:38,187  INFO [main] TestBase:30 - Properties object created
2021-09-11 01:48:38,188  INFO [main] TestBase:35 - Propertied file loaded into property objec
2021-09-11 01:48:38,195  INFO [main] TestBase:30 - Properties object created
2021-09-11 01:48:38,196  INFO [main] TestBase:35 - Propertied file loaded into property objec
2021-09-11 01:48:39,909  INFO [main] TestBase:55 - Chrome Driver Initiated
2021-09-11 01:48:45,835  INFO [main] TestBase:30 - Properties object created
2021-09-11 01:48:45,836  INFO [main] TestBase:35 - Propertied file loaded into property objec
2021-09-11 01:48:51,929  INFO [main] TestBase:30 - Properties object created
2021-09-11 01:48:51,931  INFO [main] TestBase:35 - Propertied file loaded into property objec
2021-09-11 01:48:51,934  INFO [main] TestBase:30 - Properties object created
2021-09-11 01:48:51,935  INFO [main] TestBase:35 - Propertied file loaded into property objec
2021-09-11 01:48:56,962  INFO [main] TestBase:55 - Chrome Driver Initiated
2021-09-11 01:49:02,716  INFO [main] TestBase:30 - Properties object created
2021-09-11 01:49:02,716  INFO [main] TestBase:35 - Propertied file loaded into property objec
2021-09-11 01:49:08,114  INFO [main] TestBase:30 - Properties object created
2021-09-11 01:49:08,115  INFO [main] TestBase:35 - Propertied file loaded into property objec
2021-09-11 01:49:11,499  INFO [main] TestBase:55 - Chrome Driver Initiated
2021-09-11 01:49:17,552  INFO [main] TestBase:30 - Properties object created
2021-09-11 01:49:17,553  INFO [main] TestBase:35 - Propertied file loaded into property objec
2021-09-11 01:49:23,259  INFO [main] TestBase:30 - Properties object created
2021-09-11 01:49:23,260  INFO [main] TestBase:35 - Propertied file loaded into property objec
2021-09-11 01:49:25,839  INFO [main] TestBase:30 - Properties object created
2021-09-11 01:49:25,840  INFO [main] TestBase:35 - Propertied file loaded into property objec
2021-09-11 01:49:27,244  INFO [main] TestBase:55 - Chrome Driver Initiated
2021-09-11 01:49:32,990  INFO [main] TestBase:30 - Properties object created
2021-09-11 01:49:32,990  INFO [main] TestBase:35 - Propertied file loaded into property objec
2021-09-11 01:49:39,419  INFO [main] TestBase:30 - Properties object created
2021-09-11 01:49:39,419  INFO [main] TestBase:35 - Propertied file loaded into property objec
2021-09-11 01:49:41,271  INFO [main] TestBase:30 - Properties object created
2021-09-11 01:49:41,272  INFO [main] TestBase:35 - Propertied file loaded into property objec
2021-09-11 01:49:43,496  INFO [main] TestBase:55 - Chrome Driver Initiated
2021-09-11 01:49:48,906  INFO [main] TestBase:30 - Properties object created
2021-09-11 01:49:48,907  INFO [main] TestBase:35 - Propertied file loaded into property objec
2021-09-11 01:49:55,059  INFO [main] TestBase:30 - Properties object created
2021-09-11 01:49:55,060  INFO [main] TestBase:35 - Propertied file loaded into property objec
2021-09-11 01:49:57,257  INFO [main] TestBase:30 - Properties object created
2021-09-11 01:49:57,258  INFO [main] TestBase:35 - Propertied file loaded into property objec
2021-09-11 01:49:58,794  INFO [main] TestBase:55 - Chrome Driver Initiated
2021-09-11 01:50:04,253  INFO [main] TestBase:30 - Properties object created
2021-09-11 01:50:04,254  INFO [main] TestBase:35 - Propertied file loaded into property objec
2021-09-11 01:50:10,392  INFO [main] TestBase:30 - Properties object created
2021-09-11 01:50:10,393  INFO [main] TestBase:35 - Propertied file loaded into property objec
2021-09-11 01:50:12,823  INFO [main] TestBase:30 - Properties object created
2021-09-11 01:50:12,825  INFO [main] TestBase:35 - Propertied file loaded into property objec
2021-09-11 01:50:14,697  INFO [main] TestBase:55 - Chrome Driver Initiated
2021-09-11 01:50:20,440  INFO [main] TestBase:30 - Properties object created
2021-09-11 01:50:20,441  INFO [main] TestBase:35 - Propertied file loaded into property objec
2021-09-11 01:50:27,980  INFO [main] TestBase:30 - Properties object created
2021-09-11 01:50:27,980  INFO [main] TestBase:35 - Propertied file loaded into property objec
2021-09-11 01:50:30,474  INFO [main] TestBase:30 - Properties object created
2021-09-11 01:50:30,475  INFO [main] TestBase:35 - Propertied file loaded into property objec
2021-09-11 01:50:32,057  INFO [main] TestBase:55 - Chrome Driver Initiated
2021-09-11 01:50:37,740  INFO [main] LoginPageTest:30 - calling chrome driver
2021-09-11 01:50:37,741  INFO [main] TestBase:30 - Properties object created
2021-09-11 01:50:37,741  INFO [main] TestBase:35 - Propertied file loaded into property objec
2021-09-11 01:50:38,950  INFO [main] TestBase:55 - Chrome Driver Initiated
2021-09-11 01:50:44,271  INFO [main] LoginPageTest:30 - calling chrome driver
2021-09-11 01:50:44,271  INFO [main] TestBase:30 - Properties object created
2021-09-11 01:50:44,272  INFO [main] TestBase:35 - Propertied file loaded into property objec
2021-09-11 01:50:45,627  INFO [main] TestBase:55 - Chrome Driver Initiated
2021-09-11 01:50:51,377  INFO [main] LoginPageTest:30 - calling chrome driver
2021-09-11 01:50:51,378  INFO [main] TestBase:30 - Properties object created
2021-09-11 01:50:51,379  INFO [main] TestBase:35 - Propertied file loaded into property objec
2021-09-11 01:50:52,923  INFO [main] TestBase:55 - Chrome Driver Initiated
2021-09-11 01:50:58,776  INFO [main] LoginPageTest:30 - calling chrome driver
2021-09-11 01:50:58,777  INFO [main] TestBase:30 - Properties object created
2021-09-11 01:50:58,778  INFO [main] TestBase:35 - Propertied file loaded into property objec
2021-09-11 01:51:06,698  INFO [main] TestBase:30 - Properties object created
2021-09-11 01:51:06,699  INFO [main] TestBase:35 - Propertied file loaded into property objec
2021-09-11 01:51:08,230  INFO [main] TestBase:55 - Chrome Driver Initiated
2021-09-11 01:51:13,981  INFO [main] TestBase:30 - Properties object created
2021-09-11 01:51:13,981  INFO [main] TestBase:35 - Propertied file loaded into property objec
2021-09-11 01:51:22,858  INFO [main] TestBase:30 - Properties object created
2021-09-11 01:51:22,859  INFO [main] TestBase:35 - Propertied file loaded into property objec
2021-09-11 01:51:22,860  INFO [main] TestBase:30 - Properties object created
2021-09-11 01:51:22,861  INFO [main] TestBase:35 - Propertied file loaded into property objec
